2022-08-31 13:11:32,084:36:INFO:info
2022-08-31 13:11:32,089:37:WARNING:warning
2022-08-31 13:11:32,093:38:Level 100:test
2022-08-31 13:11:32,097:42:INFO:Trade Start
2022-08-31 13:11:44,725:76:INFO:Update buy price
2022-08-31 13:11:50,753:76:INFO:Update buy price
2022-08-31 13:11:56,813:76:INFO:Update buy price
2022-08-31 13:11:58,310:64:INFO:Done trade
2022-08-31 13:12:10,927:76:INFO:Update buy price
2022-08-31 13:12:16,978:76:INFO:Update buy price
2022-08-31 13:12:18,444:64:INFO:Done trade
2022-08-31 13:12:31,088:92:INFO:Update sell price
2022-08-31 13:12:37,131:92:INFO:Update sell price
2022-08-31 13:12:43,164:92:INFO:Update sell price
2022-08-31 13:12:49,208:92:INFO:Update sell price
2022-08-31 13:12:55,255:92:INFO:Update sell price
2022-08-31 13:13:01,268:92:INFO:Update sell price
2022-08-31 13:13:07,306:92:INFO:Update sell price
2022-08-31 13:13:08,780:64:INFO:Done trade
2022-08-31 13:13:11,751:106:INFO:Finish trade
2022-08-31 13:20:41,112:38:INFO:Trade Start
2022-08-31 13:20:53,780:89:INFO:Update sell price
