2022-08-31 12:59:32,258:26:WARNING:warning
2022-08-31 12:59:32,265:27:Level 100:test
2022-08-31 12:59:32,270:30:ERROR:ERROR
2022-08-31 12:59:32,276:33:WARNING:warning
2022-08-31 13:11:32,084:36:INFO:info
2022-08-31 13:11:32,089:37:WARNING:warning
2022-08-31 13:11:32,093:38:Level 100:test
2022-08-31 13:11:32,097:42:INFO:Trade Start
2022-08-31 13:11:44,725:76:INFO:Update buy price
2022-08-31 13:11:50,753:76:INFO:Update buy price
2022-08-31 13:11:56,813:76:INFO:Update buy price
2022-08-31 13:11:58,310:64:INFO:Done trade
2022-08-31 13:12:10,927:76:INFO:Update buy price
2022-08-31 13:12:16,978:76:INFO:Update buy price
2022-08-31 13:12:18,444:64:INFO:Done trade
2022-08-31 13:12:31,088:92:INFO:Update sell price
2022-08-31 13:12:37,131:92:INFO:Update sell price
2022-08-31 13:12:43,164:92:INFO:Update sell price
2022-08-31 13:12:49,208:92:INFO:Update sell price
2022-08-31 13:12:55,255:92:INFO:Update sell price
2022-08-31 13:13:01,268:92:INFO:Update sell price
2022-08-31 13:13:07,306:92:INFO:Update sell price
2022-08-31 13:13:08,780:64:INFO:Done trade
2022-08-31 13:13:11,751:106:INFO:Finish trade
2022-08-31 13:20:41,112:38:INFO:Trade Start
2022-08-31 13:20:53,780:89:INFO:Update sell price
2022-08-31 13:20:59,815:89:INFO:Update sell price
2022-08-31 13:21:05,866:89:INFO:Update sell price
2022-08-31 13:21:07,324:60:INFO:Done trade
2022-08-31 13:21:07,329:61:INFO:sell price :2822596
2022-08-31 13:21:07,333:62:INFO:buy price  :2822780
2022-08-31 13:21:07,339:63:INFO:profit     :-0.92
2022-08-31 13:21:20,031:89:INFO:Update sell price
2022-08-31 13:21:26,057:89:INFO:Update sell price
2022-08-31 13:21:27,507:60:INFO:Done trade
2022-08-31 13:21:27,512:61:INFO:sell price :2822298
2022-08-31 13:21:27,517:62:INFO:buy price  :2822780
2022-08-31 13:21:27,522:63:INFO:profit     :-2.41
2022-08-31 13:21:35,615:60:INFO:Done trade
2022-08-31 13:21:35,620:61:INFO:sell price :2822298
2022-08-31 13:21:35,626:62:INFO:buy price  :2822780
2022-08-31 13:21:35,631:63:INFO:profit     :-2.41
2022-08-31 13:21:48,265:89:INFO:Update sell price
2022-08-31 13:21:54,321:89:INFO:Update sell price
2022-08-31 13:21:55,776:60:INFO:Done trade
2022-08-31 13:21:55,782:61:INFO:sell price :2821817
2022-08-31 13:21:55,787:62:INFO:buy price  :2822780
2022-08-31 13:21:55,794:63:INFO:profit     :-4.815
2022-08-31 13:22:03,898:60:INFO:Done trade
2022-08-31 13:22:03,904:61:INFO:sell price :2821817
2022-08-31 13:22:03,908:62:INFO:buy price  :2822780
2022-08-31 13:22:03,913:63:INFO:profit     :-4.815
2022-08-31 13:22:11,992:103:INFO:Finish trade
2022-08-31 13:54:58,471:46:INFO:Trade Start
2022-08-31 13:55:01,479:80:INFO:Done trade
2022-08-31 13:55:01,485:81:INFO:sell price :2820899
2022-08-31 13:55:01,489:82:INFO:buy price  :2820155
2022-08-31 13:55:01,494:83:INFO:profit     :3.72
2022-08-31 13:55:04,484:80:INFO:Done trade
2022-08-31 13:55:04,490:81:INFO:sell price :2820899
2022-08-31 13:55:04,495:82:INFO:buy price  :2820155
2022-08-31 13:55:04,499:83:INFO:profit     :3.72
2022-08-31 13:55:07,516:80:INFO:Done trade
2022-08-31 13:55:07,522:81:INFO:sell price :2820899
2022-08-31 13:55:07,527:82:INFO:buy price  :2820155
2022-08-31 13:55:07,532:83:INFO:profit     :3.72
2022-08-31 13:55:10,544:80:INFO:Done trade
2022-08-31 13:55:10,549:81:INFO:sell price :2820899
2022-08-31 13:55:10,554:82:INFO:buy price  :2820155
2022-08-31 13:55:10,558:83:INFO:profit     :3.72
2022-08-31 13:55:13,561:80:INFO:Done trade
2022-08-31 13:55:13,567:81:INFO:sell price :2820899
2022-08-31 13:55:13,572:82:INFO:buy price  :2820155
2022-08-31 13:55:13,577:83:INFO:profit     :3.72
2022-08-31 13:55:16,564:80:INFO:Done trade
2022-08-31 13:55:16,568:81:INFO:sell price :2820899
2022-08-31 13:55:16,574:82:INFO:buy price  :2820155
2022-08-31 13:55:16,578:83:INFO:profit     :3.72
2022-08-31 14:02:28,111:46:INFO:Trade Start
2022-08-31 14:03:48,234:46:INFO:Trade Start
2022-08-31 14:04:02,870:121:INFO:Update status
2022-08-31 14:04:04,349:80:INFO:Done trade
2022-08-31 14:04:04,354:81:INFO:sell price :2815910
2022-08-31 14:04:04,359:82:INFO:buy price  :2815890
2022-08-31 14:04:04,365:83:INFO:profit     :0.1
2022-08-31 14:04:10,909:121:INFO:Update status
2022-08-31 14:04:12,383:80:INFO:Done trade
2022-08-31 14:04:12,389:81:INFO:sell price :2815910
2022-08-31 14:04:12,394:82:INFO:buy price  :2815890
2022-08-31 14:04:12,398:83:INFO:profit     :0.1
2022-08-31 14:04:18,954:121:INFO:Update status
2022-08-31 14:04:20,436:80:INFO:Done trade
2022-08-31 14:04:20,441:81:INFO:sell price :2815910
2022-08-31 14:04:20,446:82:INFO:buy price  :2815890
2022-08-31 14:04:20,451:83:INFO:profit     :0.1
2022-08-31 14:04:26,991:121:INFO:Update status
2022-08-31 14:04:28,463:80:INFO:Done trade
2022-08-31 14:04:28,470:81:INFO:sell price :2815910
2022-08-31 14:04:28,475:82:INFO:buy price  :2815890
2022-08-31 14:04:28,481:83:INFO:profit     :0.1
2022-08-31 14:04:35,026:121:INFO:Update status
2022-08-31 14:04:36,509:80:INFO:Done trade
2022-08-31 14:04:36,516:81:INFO:sell price :2815910
2022-08-31 14:04:36,520:82:INFO:buy price  :2815890
2022-08-31 14:04:36,525:83:INFO:profit     :0.1
2022-08-31 14:04:43,101:121:INFO:Update status
2022-08-31 14:04:44,582:80:INFO:Done trade
2022-08-31 14:04:44,587:81:INFO:sell price :2815910
2022-08-31 14:04:44,592:82:INFO:buy price  :2815890
2022-08-31 14:04:44,596:83:INFO:profit     :0.1
2022-08-31 14:04:51,174:121:INFO:Update status
2022-08-31 14:04:52,625:80:INFO:Done trade
2022-08-31 14:04:52,631:81:INFO:sell price :2815910
2022-08-31 14:04:52,635:82:INFO:buy price  :2815890
2022-08-31 14:04:52,640:83:INFO:profit     :0.1
2022-08-31 14:04:59,145:123:INFO:Finish trade
2022-08-31 14:13:05,048:46:INFO:Trade Start
2022-08-31 14:13:29,671:132:INFO:coincheck {"success":false,"error":"Failed to cancel the order."}
2022-08-31 14:13:36,216:132:INFO:coincheck {"success":false,"error":"Failed to cancel the order."}
2022-08-31 14:13:42,736:132:INFO:coincheck {"success":false,"error":"Failed to cancel the order."}
2022-08-31 14:13:49,253:132:INFO:coincheck {"success":false,"error":"Failed to cancel the order."}
2022-08-31 14:13:55,787:132:INFO:coincheck {"success":false,"error":"Failed to cancel the order."}
2022-08-31 14:14:02,254:134:INFO:Finish trade
