2022-08-31 14:03:48,234:46:INFO:Trade Start
2022-08-31 14:04:02,870:121:INFO:Update status
2022-08-31 14:04:04,349:80:INFO:Done trade
2022-08-31 14:04:04,354:81:INFO:sell price :2815910
2022-08-31 14:04:04,359:82:INFO:buy price  :2815890
2022-08-31 14:04:04,365:83:INFO:profit     :0.1
2022-08-31 14:04:10,909:121:INFO:Update status
2022-08-31 14:04:12,383:80:INFO:Done trade
2022-08-31 14:04:12,389:81:INFO:sell price :2815910
2022-08-31 14:04:12,394:82:INFO:buy price  :2815890
2022-08-31 14:04:12,398:83:INFO:profit     :0.1
2022-08-31 14:04:18,954:121:INFO:Update status
2022-08-31 14:04:20,436:80:INFO:Done trade
2022-08-31 14:04:20,441:81:INFO:sell price :2815910
2022-08-31 14:04:20,446:82:INFO:buy price  :2815890
2022-08-31 14:04:20,451:83:INFO:profit     :0.1
2022-08-31 14:04:26,991:121:INFO:Update status
2022-08-31 14:04:28,463:80:INFO:Done trade
2022-08-31 14:04:28,470:81:INFO:sell price :2815910
2022-08-31 14:04:28,475:82:INFO:buy price  :2815890
2022-08-31 14:04:28,481:83:INFO:profit     :0.1
2022-08-31 14:04:35,026:121:INFO:Update status
2022-08-31 14:04:36,509:80:INFO:Done trade
2022-08-31 14:04:36,516:81:INFO:sell price :2815910
2022-08-31 14:04:36,520:82:INFO:buy price  :2815890
2022-08-31 14:04:36,525:83:INFO:profit     :0.1
2022-08-31 14:04:43,101:121:INFO:Update status
2022-08-31 14:04:44,582:80:INFO:Done trade
2022-08-31 14:04:44,587:81:INFO:sell price :2815910
2022-08-31 14:04:44,592:82:INFO:buy price  :2815890
2022-08-31 14:04:44,596:83:INFO:profit     :0.1
2022-08-31 14:04:51,174:121:INFO:Update status
2022-08-31 14:04:52,625:80:INFO:Done trade
2022-08-31 14:04:52,631:81:INFO:sell price :2815910
2022-08-31 14:04:52,635:82:INFO:buy price  :2815890
2022-08-31 14:04:52,640:83:INFO:profit     :0.1
2022-08-31 14:04:59,145:123:INFO:Finish trade
