2022-08-31 13:54:58,471:46:INFO:Trade Start
2022-08-31 13:55:01,479:80:INFO:Done trade
2022-08-31 13:55:01,485:81:INFO:sell price :2820899
2022-08-31 13:55:01,489:82:INFO:buy price  :2820155
2022-08-31 13:55:01,494:83:INFO:profit     :3.72
2022-08-31 13:55:04,484:80:INFO:Done trade
2022-08-31 13:55:04,490:81:INFO:sell price :2820899
2022-08-31 13:55:04,495:82:INFO:buy price  :2820155
2022-08-31 13:55:04,499:83:INFO:profit     :3.72
2022-08-31 13:55:07,516:80:INFO:Done trade
2022-08-31 13:55:07,522:81:INFO:sell price :2820899
2022-08-31 13:55:07,527:82:INFO:buy price  :2820155
2022-08-31 13:55:07,532:83:INFO:profit     :3.72
2022-08-31 13:55:10,544:80:INFO:Done trade
2022-08-31 13:55:10,549:81:INFO:sell price :2820899
2022-08-31 13:55:10,554:82:INFO:buy price  :2820155
2022-08-31 13:55:10,558:83:INFO:profit     :3.72
2022-08-31 13:55:13,561:80:INFO:Done trade
2022-08-31 13:55:13,567:81:INFO:sell price :2820899
2022-08-31 13:55:13,572:82:INFO:buy price  :2820155
2022-08-31 13:55:13,577:83:INFO:profit     :3.72
2022-08-31 13:55:16,564:80:INFO:Done trade
2022-08-31 13:55:16,568:81:INFO:sell price :2820899
2022-08-31 13:55:16,574:82:INFO:buy price  :2820155
2022-08-31 13:55:16,578:83:INFO:profit     :3.72
