2022-08-31 18:51:02,809:27:INFO:Trade Start
2022-08-31 18:51:20,987:50:INFO:entry
2022-08-31 18:51:29,082:91:INFO:Update sell price
2022-08-31 18:51:38,210:91:INFO:Update sell price
2022-08-31 18:51:47,348:91:INFO:Update sell price
2022-08-31 18:51:56,453:91:INFO:Update sell price
2022-08-31 18:52:05,559:91:INFO:Update sell price
2022-08-31 18:52:14,675:91:INFO:Update sell price
2022-08-31 18:52:23,768:91:INFO:Update sell price
2022-08-31 18:52:32,867:91:INFO:Update sell price
2022-08-31 18:52:41,977:91:INFO:Update sell price
2022-08-31 18:52:51,103:91:INFO:Update sell price
2022-08-31 18:53:00,243:91:INFO:Update sell price
2022-08-31 18:53:09,358:91:INFO:Update sell price
2022-08-31 18:53:18,496:91:INFO:Update sell price
2022-08-31 18:53:27,605:91:INFO:Update sell price
2022-08-31 18:53:36,722:91:INFO:Update sell price
2022-08-31 18:53:45,838:91:INFO:Update sell price
2022-08-31 18:53:54,949:91:INFO:Update sell price
2022-08-31 18:54:04,145:91:INFO:Update sell price
2022-08-31 18:54:13,247:91:INFO:Update sell price
2022-08-31 18:54:22,367:91:INFO:Update sell price
2022-08-31 18:54:28,412:62:INFO:Done trade
2022-08-31 18:54:28,418:63:INFO:sell price :2809497
2022-08-31 18:54:28,424:64:INFO:buy price  :2809317
2022-08-31 18:54:28,430:65:INFO:profit     :0.9
2022-08-31 18:56:01,883:50:INFO:entry
2022-08-31 18:56:10,002:91:INFO:Update sell price
2022-08-31 18:56:19,163:91:INFO:Update sell price
2022-08-31 18:56:28,300:91:INFO:Update sell price
2022-08-31 18:56:37,402:91:INFO:Update sell price
2022-08-31 18:56:46,505:91:INFO:Update sell price
2022-08-31 18:56:55,650:91:INFO:Update sell price
2022-08-31 18:57:04,756:91:INFO:Update sell price
2022-08-31 18:57:13,862:91:INFO:Update sell price
2022-08-31 18:57:22,970:91:INFO:Update sell price
2022-08-31 18:57:32,086:91:INFO:Update sell price
