2022-08-31 14:13:05,048:46:INFO:Trade Start
2022-08-31 14:13:29,671:132:INFO:coincheck {"success":false,"error":"Failed to cancel the order."}
2022-08-31 14:13:36,216:132:INFO:coincheck {"success":false,"error":"Failed to cancel the order."}
2022-08-31 14:13:42,736:132:INFO:coincheck {"success":false,"error":"Failed to cancel the order."}
2022-08-31 14:13:49,253:132:INFO:coincheck {"success":false,"error":"Failed to cancel the order."}
2022-08-31 14:13:55,787:132:INFO:coincheck {"success":false,"error":"Failed to cancel the order."}
2022-08-31 14:14:02,254:134:INFO:Finish trade
2022-08-31 18:45:49,085:27:INFO:Trade Start
2022-08-31 18:47:02,533:50:INFO:entry
2022-08-31 18:48:39,622:27:INFO:Trade Start
2022-08-31 18:49:07,812:50:INFO:entry
2022-08-31 18:51:02,809:27:INFO:Trade Start
2022-08-31 18:51:20,987:50:INFO:entry
2022-08-31 18:51:29,082:91:INFO:Update sell price
2022-08-31 18:51:38,210:91:INFO:Update sell price
2022-08-31 18:51:47,348:91:INFO:Update sell price
2022-08-31 18:51:56,453:91:INFO:Update sell price
2022-08-31 18:52:05,559:91:INFO:Update sell price
2022-08-31 18:52:14,675:91:INFO:Update sell price
2022-08-31 18:52:23,768:91:INFO:Update sell price
2022-08-31 18:52:32,867:91:INFO:Update sell price
2022-08-31 18:52:41,977:91:INFO:Update sell price
2022-08-31 18:52:51,103:91:INFO:Update sell price
2022-08-31 18:53:00,243:91:INFO:Update sell price
2022-08-31 18:53:09,358:91:INFO:Update sell price
2022-08-31 18:53:18,496:91:INFO:Update sell price
2022-08-31 18:53:27,605:91:INFO:Update sell price
2022-08-31 18:53:36,722:91:INFO:Update sell price
2022-08-31 18:53:45,838:91:INFO:Update sell price
2022-08-31 18:53:54,949:91:INFO:Update sell price
2022-08-31 18:54:04,145:91:INFO:Update sell price
2022-08-31 18:54:13,247:91:INFO:Update sell price
2022-08-31 18:54:22,367:91:INFO:Update sell price
2022-08-31 18:54:28,412:62:INFO:Done trade
2022-08-31 18:54:28,418:63:INFO:sell price :2809497
2022-08-31 18:54:28,424:64:INFO:buy price  :2809317
2022-08-31 18:54:28,430:65:INFO:profit     :0.9
2022-08-31 18:56:01,883:50:INFO:entry
2022-08-31 18:56:10,002:91:INFO:Update sell price
2022-08-31 18:56:19,163:91:INFO:Update sell price
2022-08-31 18:56:28,300:91:INFO:Update sell price
2022-08-31 18:56:37,402:91:INFO:Update sell price
2022-08-31 18:56:46,505:91:INFO:Update sell price
2022-08-31 18:56:55,650:91:INFO:Update sell price
2022-08-31 18:57:04,756:91:INFO:Update sell price
2022-08-31 18:57:13,862:91:INFO:Update sell price
2022-08-31 18:57:22,970:91:INFO:Update sell price
2022-08-31 18:57:32,086:91:INFO:Update sell price
2022-08-31 19:07:26,766:27:INFO:Trade Start
2022-08-31 19:07:49,957:50:INFO:entry
2022-08-31 19:07:58,066:91:INFO:Update sell price 2808505
2022-08-31 19:08:07,213:91:INFO:Update sell price 2808504
2022-08-31 19:08:16,362:91:INFO:Update sell price 2808503
2022-08-31 19:08:25,499:91:INFO:Update sell price 2808502
2022-08-31 19:08:34,634:91:INFO:Update sell price 2808501
2022-08-31 19:08:43,738:91:INFO:Update sell price 2808500
2022-08-31 19:08:49,803:62:INFO:Done trade
2022-08-31 19:08:49,811:63:INFO:sell price :2808500
2022-08-31 19:08:49,817:64:INFO:buy price  :2808306
2022-08-31 19:08:49,822:65:INFO:profit     :0.97
2022-08-31 19:09:48,220:50:INFO:entry
2022-08-31 19:09:56,347:76:INFO:Update buy price 2806232
2022-08-31 19:10:05,492:76:INFO:Update buy price 2806233
2022-08-31 19:10:14,689:76:INFO:Update buy price 2806234
2022-08-31 19:10:23,994:76:INFO:Update buy price 2806235
2022-08-31 19:10:33,111:76:INFO:Update buy price 2806236
2022-08-31 19:10:42,227:76:INFO:Update buy price 2806237
2022-08-31 19:10:51,362:76:INFO:Update buy price 2806238
2022-08-31 19:11:00,505:76:INFO:Update buy price 2806239
2022-08-31 19:11:09,638:76:INFO:Update buy price 2806240
2022-08-31 19:11:18,922:76:INFO:Update buy price 2806241
2022-08-31 19:11:28,046:76:INFO:Update buy price 2806242
2022-08-31 19:11:37,185:76:INFO:Update buy price 2806243
2022-08-31 19:11:46,332:76:INFO:Update buy price 2806244
2022-08-31 19:11:55,463:76:INFO:Update buy price 2806245
2022-08-31 19:12:04,621:76:INFO:Update buy price 2806246
2022-08-31 19:12:13,805:76:INFO:Update buy price 2806247
2022-08-31 19:12:22,930:76:INFO:Update buy price 2806248
2022-08-31 19:12:32,206:76:INFO:Update buy price 2806249
2022-08-31 19:12:41,331:76:INFO:Update buy price 2806250
2022-08-31 19:12:50,449:76:INFO:Update buy price 2806251
2022-08-31 19:12:59,554:76:INFO:Update buy price 2806252
2022-08-31 19:13:08,668:76:INFO:Update buy price 2806253
2022-08-31 19:13:17,836:76:INFO:Update buy price 2806254
2022-08-31 19:13:26,953:76:INFO:Update buy price 2806255
2022-08-31 19:13:36,070:76:INFO:Update buy price 2806256
2022-08-31 19:13:45,190:76:INFO:Update buy price 2806257
2022-08-31 19:13:54,320:76:INFO:Update buy price 2806258
2022-08-31 19:14:03,460:76:INFO:Update buy price 2806259
2022-08-31 19:14:12,602:76:INFO:Update buy price 2806260
2022-08-31 19:14:21,716:76:INFO:Update buy price 2806261
2022-08-31 19:14:30,837:76:INFO:Update buy price 2806262
2022-08-31 19:14:39,975:76:INFO:Update buy price 2806263
2022-08-31 19:14:49,100:76:INFO:Update buy price 2806264
2022-08-31 19:14:58,350:76:INFO:Update buy price 2806265
2022-08-31 19:15:07,644:76:INFO:Update buy price 2806266
2022-08-31 19:15:16,796:76:INFO:Update buy price 2806267
2022-08-31 19:15:25,910:76:INFO:Update buy price 2806268
2022-08-31 19:15:35,026:76:INFO:Update buy price 2806269
2022-08-31 19:15:44,133:76:INFO:Update buy price 2806270
2022-08-31 19:15:53,251:76:INFO:Update buy price 2806271
2022-08-31 19:16:02,390:76:INFO:Update buy price 2806272
2022-08-31 19:16:11,522:76:INFO:Update buy price 2806273
2022-08-31 19:16:20,655:76:INFO:Update buy price 2806274
2022-08-31 19:16:29,808:76:INFO:Update buy price 2806275
2022-08-31 19:16:38,919:76:INFO:Update buy price 2806276
2022-08-31 19:16:48,244:76:INFO:Update buy price 2806277
2022-08-31 19:16:57,338:76:INFO:Update buy price 2806278
2022-08-31 19:17:06,448:76:INFO:Update buy price 2806279
2022-08-31 19:17:15,603:76:INFO:Update buy price 2806280
2022-08-31 19:17:24,729:76:INFO:Update buy price 2806281
2022-08-31 19:17:33,850:76:INFO:Update buy price 2806282
2022-08-31 19:17:43,022:76:INFO:Update buy price 2806283
2022-08-31 19:17:52,118:76:INFO:Update buy price 2806284
2022-08-31 19:18:01,278:76:INFO:Update buy price 2806285
2022-08-31 19:18:10,477:76:INFO:Update buy price 2806286
2022-08-31 19:18:19,673:76:INFO:Update buy price 2806287
2022-08-31 19:18:28,817:76:INFO:Update buy price 2806288
2022-08-31 19:18:37,948:76:INFO:Update buy price 2806289
2022-08-31 19:18:47,061:76:INFO:Update buy price 2806290
2022-08-31 19:18:56,197:76:INFO:Update buy price 2806291
2022-08-31 19:19:05,322:76:INFO:Update buy price 2806292
2022-08-31 19:19:14,460:76:INFO:Update buy price 2806293
2022-08-31 19:19:23,606:76:INFO:Update buy price 2806294
2022-08-31 19:19:32,742:76:INFO:Update buy price 2806295
2022-08-31 19:19:41,871:76:INFO:Update buy price 2806296
2022-08-31 19:19:51,028:76:INFO:Update buy price 2806297
2022-08-31 19:20:00,157:76:INFO:Update buy price 2806298
2022-08-31 19:20:09,309:76:INFO:Update buy price 2806299
2022-08-31 19:20:18,429:76:INFO:Update buy price 2806300
2022-08-31 19:20:27,541:76:INFO:Update buy price 2806301
2022-08-31 19:20:36,663:76:INFO:Update buy price 2806302
2022-08-31 19:20:45,770:76:INFO:Update buy price 2806303
2022-08-31 19:20:54,886:76:INFO:Update buy price 2806304
2022-08-31 19:21:04,003:76:INFO:Update buy price 2806305
2022-08-31 19:21:13,120:76:INFO:Update buy price 2806306
2022-08-31 19:21:22,254:76:INFO:Update buy price 2806307
2022-08-31 19:21:31,397:76:INFO:Update buy price 2806308
2022-08-31 19:21:40,525:76:INFO:Update buy price 2806309
2022-08-31 19:21:49,635:76:INFO:Update buy price 2806310
2022-08-31 19:21:58,772:76:INFO:Update buy price 2806311
2022-08-31 19:22:07,922:76:INFO:Update buy price 2806312
2022-08-31 19:22:17,046:76:INFO:Update buy price 2806313
2022-08-31 19:22:26,154:76:INFO:Update buy price 2806314
2022-08-31 19:22:35,293:76:INFO:Update buy price 2806315
2022-08-31 19:22:44,448:76:INFO:Update buy price 2806316
2022-08-31 19:22:53,567:76:INFO:Update buy price 2806317
2022-08-31 19:23:02,717:76:INFO:Update buy price 2806318
2022-08-31 19:23:11,834:76:INFO:Update buy price 2806319
2022-08-31 19:23:20,985:76:INFO:Update buy price 2806320
2022-08-31 19:23:30,109:76:INFO:Update buy price 2806321
2022-08-31 19:23:39,238:76:INFO:Update buy price 2806322
2022-08-31 19:23:48,384:76:INFO:Update buy price 2806323
2022-08-31 19:23:57,516:76:INFO:Update buy price 2806324
2022-08-31 19:24:06,753:76:INFO:Update buy price 2806325
2022-08-31 19:24:15,868:76:INFO:Update buy price 2806326
2022-08-31 19:24:25,018:76:INFO:Update buy price 2806327
2022-08-31 19:24:34,173:76:INFO:Update buy price 2806328
2022-08-31 19:24:43,309:76:INFO:Update buy price 2806329
2022-08-31 19:24:52,419:76:INFO:Update buy price 2806330
2022-08-31 19:25:01,578:76:INFO:Update buy price 2806331
2022-08-31 19:25:10,711:76:INFO:Update buy price 2806332
2022-08-31 19:25:19,827:76:INFO:Update buy price 2806333
2022-08-31 19:25:28,965:76:INFO:Update buy price 2806334
2022-08-31 19:25:38,104:76:INFO:Update buy price 2806335
2022-08-31 19:25:47,248:76:INFO:Update buy price 2806336
2022-08-31 19:25:56,377:76:INFO:Update buy price 2806337
2022-08-31 19:26:05,500:76:INFO:Update buy price 2806338
2022-08-31 19:26:14,623:76:INFO:Update buy price 2806339
2022-08-31 19:26:23,751:76:INFO:Update buy price 2806340
2022-08-31 19:26:32,895:76:INFO:Update buy price 2806341
2022-08-31 19:26:42,027:76:INFO:Update buy price 2806342
2022-08-31 19:26:51,148:76:INFO:Update buy price 2806343
2022-08-31 19:27:00,289:76:INFO:Update buy price 2806344
2022-08-31 19:27:09,412:76:INFO:Update buy price 2806345
2022-08-31 19:27:18,544:76:INFO:Update buy price 2806346
2022-08-31 19:27:27,698:76:INFO:Update buy price 2806347
2022-08-31 19:27:36,802:76:INFO:Update buy price 2806348
2022-08-31 19:27:45,984:76:INFO:Update buy price 2806349
2022-08-31 19:27:55,215:76:INFO:Update buy price 2806350
2022-08-31 19:28:04,333:76:INFO:Update buy price 2806351
2022-08-31 19:28:13,479:76:INFO:Update buy price 2806352
2022-08-31 19:28:22,620:76:INFO:Update buy price 2806353
2022-08-31 19:28:31,733:76:INFO:Update buy price 2806354
2022-08-31 19:28:40,857:76:INFO:Update buy price 2806355
2022-08-31 19:28:49,982:76:INFO:Update buy price 2806356
2022-08-31 19:28:59,119:76:INFO:Update buy price 2806357
2022-08-31 19:29:08,285:76:INFO:Update buy price 2806358
2022-08-31 19:29:17,387:76:INFO:Update buy price 2806359
2022-08-31 19:29:26,509:76:INFO:Update buy price 2806360
2022-08-31 19:29:35,636:76:INFO:Update buy price 2806361
2022-08-31 19:29:44,761:76:INFO:Update buy price 2806362
2022-08-31 19:29:53,904:76:INFO:Update buy price 2806363
2022-08-31 19:30:03,056:76:INFO:Update buy price 2806364
2022-08-31 19:30:12,179:76:INFO:Update buy price 2806365
2022-08-31 19:30:21,281:76:INFO:Update buy price 2806366
2022-08-31 19:30:27,305:113:INFO:Finish trade
