2022-08-31 13:20:41,112:38:INFO:Trade Start
2022-08-31 13:20:53,780:89:INFO:Update sell price
2022-08-31 13:20:59,815:89:INFO:Update sell price
2022-08-31 13:21:05,866:89:INFO:Update sell price
2022-08-31 13:21:07,324:60:INFO:Done trade
2022-08-31 13:21:07,329:61:INFO:sell price :2822596
2022-08-31 13:21:07,333:62:INFO:buy price  :2822780
2022-08-31 13:21:07,339:63:INFO:profit     :-0.92
2022-08-31 13:21:20,031:89:INFO:Update sell price
2022-08-31 13:21:26,057:89:INFO:Update sell price
2022-08-31 13:21:27,507:60:INFO:Done trade
2022-08-31 13:21:27,512:61:INFO:sell price :2822298
2022-08-31 13:21:27,517:62:INFO:buy price  :2822780
2022-08-31 13:21:27,522:63:INFO:profit     :-2.41
2022-08-31 13:21:35,615:60:INFO:Done trade
2022-08-31 13:21:35,620:61:INFO:sell price :2822298
2022-08-31 13:21:35,626:62:INFO:buy price  :2822780
2022-08-31 13:21:35,631:63:INFO:profit     :-2.41
2022-08-31 13:21:48,265:89:INFO:Update sell price
2022-08-31 13:21:54,321:89:INFO:Update sell price
2022-08-31 13:21:55,776:60:INFO:Done trade
2022-08-31 13:21:55,782:61:INFO:sell price :2821817
2022-08-31 13:21:55,787:62:INFO:buy price  :2822780
2022-08-31 13:21:55,794:63:INFO:profit     :-4.815
2022-08-31 13:22:03,898:60:INFO:Done trade
2022-08-31 13:22:03,904:61:INFO:sell price :2821817
2022-08-31 13:22:03,908:62:INFO:buy price  :2822780
2022-08-31 13:22:03,913:63:INFO:profit     :-4.815
2022-08-31 13:22:11,992:103:INFO:Finish trade
